C51 COMPILER V9.57.0.0   DS1302                                                            10/05/2021 11:36:35 PAGE 1   


C51 COMPILER V9.57.0.0, COMPILATION OF MODULE DS1302
OBJECT MODULE PLACED IN ds1302.OBJ
COMPILER INVOKED BY: D:\Keil\C51\BIN\C51.EXE ds1302.c BROWSE DEBUG OBJECTEXTEND

line level    source

   1          #include "ds1302.h"
   2          
   3          uchar code READ_RTC_ADDR[7] = {0x81, 0x83, 0x85, 0x87, 0x89, 0x8b, 0x8d};
   4          uchar code WRITE_RTC_ADDR[7] = {0x80, 0x82, 0x84, 0x86, 0x88, 0x8a, 0x8c};
   5          uchar TIME[7] = {0, 0, 0x12, 0x07, 0x05, 0x06, 0x16};
   6          
   7          void Ds1302Write(uchar addr,uchar dat){
   8   1          uchar n;
   9   1          RST = 0;
  10   1          _nop_();
  11   1      
  12   1          SCLK = 0;
  13   1          _nop_();
  14   1          RST = 1;
  15   1          _nop_();
  16   1          for(n=0;n<8;n++){
  17   2              DSIO = addr & 0x01;
  18   2              addr >>= 1;
  19   2              SCLK = 1;
  20   2              _nop_();
  21   2              SCLK = 0;
  22   2              _nop_();
  23   2          }
  24   1          for(n=0;n<8;n++){
  25   2              DSIO = dat & 0x01;
  26   2              dat >>= 1;
  27   2              SCLK = 1;
  28   2              _nop_();
  29   2              SCLK = 0;
  30   2              _nop_();
  31   2          }
  32   1      
  33   1          RST = 0;
  34   1          _nop_();
  35   1      }
  36          
  37          uchar Ds1302Read(uchar addr){
  38   1          uchar n,dat,dat1;
  39   1          RST = 0;
  40   1          _nop_();
  41   1      
  42   1          SCLK = 0;
  43   1          _nop_();
  44   1      
  45   1          RST = 1;
  46   1          _nop_();
  47   1      
  48   1          for(n=0;n<8;n++){
  49   2              DSIO = addr & 0x01;
  50   2              addr >>= 1;
  51   2              SCLK = 1;
  52   2              _nop_();
  53   2              SCLK = 0;
  54   2              _nop_();
  55   2          }
C51 COMPILER V9.57.0.0   DS1302                                                            10/05/2021 11:36:35 PAGE 2   

  56   1          _nop_();
  57   1          for(n=0;n<8;n++){
  58   2              dat1 = DSIO;
  59   2              dat = (dat>>1)|(dat1<<7);
  60   2              SCLK = 1;
  61   2              _nop_();
  62   2              SCLK = 0;
  63   2              _nop_();
  64   2          }
  65   1      
  66   1          RST = 0;
  67   1          _nop_();
  68   1          SCLK = 1;
  69   1          _nop_();
  70   1          DSIO = 0;
  71   1          _nop_();
  72   1          DSIO = 1;
  73   1          _nop_();
  74   1      
  75   1          return dat;
  76   1      }
  77          
  78          void Ds1302Init(void){
  79   1          uchar n;
  80   1          Ds1302Write(0x8e,0x00);
  81   1          for(n=0;n<7;n++){
  82   2              Ds1302Write(WRITE_RTC_ADDR[n],TIME[n]);
  83   2      
  84   2          }
  85   1          Ds1302Write(0x8e,0x80);
  86   1      }
  87          
  88          void Ds1302ReadTime(void){
  89   1          uchar n;
  90   1          for(n=0;n<7;n++){
  91   2              TIME[n] = Ds1302Read(READ_RTC_ADDR[n]);
  92   2          }
  93   1      }
  94          


MODULE INFORMATION:   STATIC OVERLAYABLE
   CODE SIZE        =    184    ----
   CONSTANT SIZE    =     14    ----
   XDATA SIZE       =   ----    ----
   PDATA SIZE       =   ----    ----
   DATA SIZE        =      7    ----
   IDATA SIZE       =   ----    ----
   BIT SIZE         =   ----    ----
END OF MODULE INFORMATION.


C51 COMPILATION COMPLETE.  0 WARNING(S),  0 ERROR(S)
