C51 COMPILER V9.57.0.0   MAIN                                                              10/06/2021 16:27:18 PAGE 1   


C51 COMPILER V9.57.0.0, COMPILATION OF MODULE MAIN
OBJECT MODULE PLACED IN main.OBJ
COMPILER INVOKED BY: D:\Keil\C51\BIN\C51.EXE main.c BROWSE DEBUG OBJECTEXTEND

line level    source

   1          #include "reg51.h"
   2          #include "intrins.h"
   3          #include "ds1302.h"
   4          
   5          typedef unsigned char u8;
   6          typedef unsigned int u16;
   7          
   8          sbit LSA = P2^2;
   9          sbit LSB = P2^3;
  10          sbit LSC = P2^4;
  11          
  12          u8 code smgduan[17]={0x3f,0x06,0x5b,0x4f,0x66,0x6d,0x7d,0x07,
  13                                                  0x7f,0x6f,0x77,0x7c,0x39,0x5e,0x79,0x71};
  14          char num = 0;
  15          u8 DisplayData[8];
  16          
  17          //when i=1, delay 10us
  18          void delay(u16 i){
  19   1          while(i--){
  20   2          }
  21   1      }
  22          
  23          void datapros(void){
  24   1          Ds1302ReadTime();
  25   1          DisplayData[0] = smgduan[TIME[2]/16];
  26   1          DisplayData[1] = smgduan[TIME[2]&0x0f];
  27   1          DisplayData[2] = 0x40;
  28   1          DisplayData[3] = smgduan[TIME[1]/16];
  29   1          DisplayData[4] = smgduan[TIME[1]&0x0f];
  30   1          DisplayData[5] = 0x40;
  31   1          DisplayData[6] = smgduan[TIME[0]/16];
  32   1          DisplayData[7] = smgduan[TIME[0]&0x0f];
  33   1      }
  34          
  35          void DigDisplay(void){
  36   1          u8 i;
  37   1          for(i = 0;i < 8;i++){
  38   2              switch(i){
  39   3                  case 0:
  40   3                      LSA = 1;
  41   3                      LSB = 1;
  42   3                      LSC = 1;
  43   3                      break;
  44   3                  case 1:
  45   3                      LSA = 0;
  46   3                      LSB = 1;
  47   3                      LSC = 1;
  48   3                      break;
  49   3                  case 2:
  50   3                      LSA = 1;
  51   3                      LSB = 0;
  52   3                      LSC = 1;
  53   3                      break;
  54   3                  case 3:
  55   3                      LSA = 0;
C51 COMPILER V9.57.0.0   MAIN                                                              10/06/2021 16:27:18 PAGE 2   

  56   3                      LSB = 0;
  57   3                      LSC = 1;
  58   3                      break;
  59   3                   case 4:
  60   3                      LSA = 1;
  61   3                      LSB = 1;
  62   3                      LSC = 0;
  63   3                      break;
  64   3                   case 5:
  65   3                      LSA = 0;
  66   3                      LSB = 1;
  67   3                      LSC = 0;
  68   3                      break;
  69   3                   case 6:
  70   3                      LSA = 1;
  71   3                      LSB = 0;
  72   3                      LSC = 0;
  73   3                      break;
  74   3                   case 7:
  75   3                      LSA = 0;
  76   3                      LSB = 0;
  77   3                      LSC = 0;
  78   3                      break;
  79   3      
  80   3              }
  81   2              P0 = DisplayData[i];
  82   2              delay(100);
  83   2              P0 = 0x00;
  84   2          }
  85   1      }
  86          
  87          void main(void){
  88   1          Ds1302Init();
  89   1              while(1){
  90   2              datapros();
  91   2              DigDisplay();   
  92   2              }
  93   1      }


MODULE INFORMATION:   STATIC OVERLAYABLE
   CODE SIZE        =    189    ----
   CONSTANT SIZE    =     17    ----
   XDATA SIZE       =   ----    ----
   PDATA SIZE       =   ----    ----
   DATA SIZE        =      9    ----
   IDATA SIZE       =   ----    ----
   BIT SIZE         =   ----    ----
END OF MODULE INFORMATION.


C51 COMPILATION COMPLETE.  0 WARNING(S),  0 ERROR(S)
