C51 COMPILER V9.57.0.0   TEMP                                                              10/05/2021 11:01:59 PAGE 1   


C51 COMPILER V9.57.0.0, COMPILATION OF MODULE TEMP
OBJECT MODULE PLACED IN temp.OBJ
COMPILER INVOKED BY: D:\Keil\C51\BIN\C51.EXE temp.c BROWSE DEBUG OBJECTEXTEND

line level    source

   1          #include "temp.h"
   2          
   3          void Delay1ms(u16 y){
   4   1          u16 x;
   5   1          for(;y>0;y--){
   6   2              for(x=110;x>0;x--);
   7   2          }
   8   1      }
   9          
  10          u8 Ds18b20Init(void){
  11   1          u8 i;
  12   1          DSPORT = 0;
  13   1          i = 70;
  14   1          while(i--);
  15   1          DSPORT = 1;
  16   1          i = 0;
  17   1          while(DSPORT){
  18   2              Delay1ms(1);
  19   2              i++;
  20   2              if(i>5){
  21   3                  return 0;
  22   3              }
  23   2          }
  24   1          return 1;      
  25   1      }
  26          
  27          void Ds18b20WriteByte(u8 dat){
  28   1          u8 i,j;
  29   1          for(j=0;j<8;j++){
  30   2              DSPORT = 0;
  31   2              i++;
  32   2              DSPORT = dat & 0x01;
  33   2              i = 6;
  34   2              while(i--);
  35   2              DSPORT = 1;
  36   2              dat >>= 1;
  37   2          }
  38   1      }
  39          
  40          u8 Ds18b20ReadByte(void){
  41   1          u8 dat,di,i,j;
  42   1      
  43   1          for(j=8;j>0;j--){
  44   2              DSPORT = 0;
  45   2              i++;
  46   2              DSPORT = 1;
  47   2              i++;
  48   2              i++;
  49   2              di = DSPORT;
  50   2              dat = (dat >> 1)|(di << 7);
  51   2              i = 4;
  52   2              while(i--);
  53   2          }
  54   1          return dat;
  55   1      }
C51 COMPILER V9.57.0.0   TEMP                                                              10/05/2021 11:01:59 PAGE 2   

  56          
  57          void Ds18b20ChangeTemp(void){
  58   1          Ds18b20Init();
  59   1          Delay1ms(1);
  60   1          Ds18b20WriteByte(0xcc);
  61   1          Ds18b20WriteByte(0x44);
  62   1          Delay1ms(100);
  63   1      }
  64          
  65          void Ds18b20ReadTempCom(void){
  66   1          Ds18b20Init();
  67   1          Delay1ms(1);
  68   1          Ds18b20WriteByte(0xcc);
  69   1          Ds18b20WriteByte(0xbe);
  70   1      }
  71          
  72          int Ds18b20ReadTemp(void){
  73   1          int temp = 0;
  74   1          u8 tmh,tml;
  75   1          Ds18b20ChangeTemp();
  76   1          Ds18b20ReadTempCom();
  77   1      
  78   1          tml = Ds18b20ReadByte();
  79   1          tmh = Ds18b20ReadByte();
  80   1      
  81   1          temp = tmh;
  82   1          temp <<= 8;
  83   1          temp |= tml;
  84   1          return temp;
  85   1      }


MODULE INFORMATION:   STATIC OVERLAYABLE
   CODE SIZE        =    185    ----
   CONSTANT SIZE    =   ----    ----
   XDATA SIZE       =   ----    ----
   PDATA SIZE       =   ----    ----
   DATA SIZE        =   ----    ----
   IDATA SIZE       =   ----    ----
   BIT SIZE         =   ----    ----
END OF MODULE INFORMATION.


C51 COMPILATION COMPLETE.  0 WARNING(S),  0 ERROR(S)
