C51 COMPILER V9.57.0.0   MAIN                                                              10/06/2021 14:55:06 PAGE 1   


C51 COMPILER V9.57.0.0, COMPILATION OF MODULE MAIN
OBJECT MODULE PLACED IN main.OBJ
COMPILER INVOKED BY: D:\Keil\C51\BIN\C51.EXE main.c BROWSE DEBUG OBJECTEXTEND

line level    source

   1          #include "reg51.h"
   2          
   3          typedef unsigned char u8;
   4          typedef unsigned int u16;
   5          
   6          sbit led = P2^0;
   7          sbit k1 = P3^1;
   8          
   9          //when i=1, delay 10us
  10          void delay(u16 i){
  11   1          while(i--){
  12   2          }
  13   1      }
  14          
  15          void keypros(void){
  16   1          if(k1 == 0){
  17   2              delay(1000);
  18   2              if(k1 == 0){
  19   3                  led = ~led;
  20   3              }
  21   2              while(!k1);
  22   2          }
  23   1      }
  24          
  25          void main(void){
  26   1              while(1){
  27   2                  keypros();  
  28   2              }
  29   1      }


MODULE INFORMATION:   STATIC OVERLAYABLE
   CODE SIZE        =     35    ----
   CONSTANT SIZE    =   ----    ----
   XDATA SIZE       =   ----    ----
   PDATA SIZE       =   ----    ----
   DATA SIZE        =   ----    ----
   IDATA SIZE       =   ----    ----
   BIT SIZE         =   ----    ----
END OF MODULE INFORMATION.


C51 COMPILATION COMPLETE.  0 WARNING(S),  0 ERROR(S)
