C51 COMPILER V9.57.0.0   MAIN                                                              10/06/2021 15:17:58 PAGE 1   


C51 COMPILER V9.57.0.0, COMPILATION OF MODULE MAIN
OBJECT MODULE PLACED IN main.OBJ
COMPILER INVOKED BY: D:\Keil\C51\BIN\C51.EXE main.c BROWSE DEBUG OBJECTEXTEND

line level    source

   1          #include "reg51.h"
   2          #include "intrins.h"
   3          
   4          typedef unsigned char u8;
   5          typedef unsigned int u16;
   6          
   7          sbit SCLK = P3^6;
   8          sbit RCLK = P3^5;
   9          sbit SER = P3^4;
  10          sbit LED = P0^7;
  11          
  12          u8 ledduan[]={0x00,0x00,0x3E,0x41,0x41,0x41,0x3E,0x00};
  13          u8 ledwei[]={0x7f,0xbf,0xdf,0xef,0xf7,0xfb,0xfd,0xfe};
  14          
  15          //when i=1, delay 10us
  16          void delay(u16 i){
  17   1          while(i--){
  18   2          }
  19   1      }
  20          
  21          void HC595SendByte(u8 dat){
  22   1          u8 i;
  23   1          SCLK = 1;
  24   1          RCLK = 1;
  25   1          for(i=0;i<8;i++){
  26   2              SER = dat >> 7;
  27   2              dat <<=1;
  28   2              SCLK = 0;
  29   2              _nop_();
  30   2              _nop_();
  31   2              SCLK = 1;
  32   2          }
  33   1          RCLK = 0;
  34   1          _nop_();
  35   1          _nop_();
  36   1          RCLK = 1;
  37   1      }
  38          
  39          void main(void){
  40   1          u8 i;
  41   1              while(1){
  42   2              for(i=0;i<8;i++){
  43   3                  HC595SendByte(ledduan[i]);
  44   3                  P0 = ledwei[i];           
  45   3                  delay(10);
  46   3              }        
  47   2              }
  48   1      }


MODULE INFORMATION:   STATIC OVERLAYABLE
   CODE SIZE        =     80    ----
   CONSTANT SIZE    =   ----    ----
   XDATA SIZE       =   ----    ----
   PDATA SIZE       =   ----    ----
C51 COMPILER V9.57.0.0   MAIN                                                              10/06/2021 15:17:58 PAGE 2   

   DATA SIZE        =     16    ----
   IDATA SIZE       =   ----    ----
   BIT SIZE         =   ----    ----
END OF MODULE INFORMATION.


C51 COMPILATION COMPLETE.  0 WARNING(S),  0 ERROR(S)
