C51 COMPILER V9.57.0.0   MAIN                                                              10/06/2021 15:10:47 PAGE 1   


C51 COMPILER V9.57.0.0, COMPILATION OF MODULE MAIN
OBJECT MODULE PLACED IN main.OBJ
COMPILER INVOKED BY: D:\Keil\C51\BIN\C51.EXE main.c BROWSE DEBUG OBJECTEXTEND

line level    source

   1          #include "reg51.h"
   2          #include "intrins.h"
   3          
   4          typedef unsigned char u8;
   5          typedef unsigned int u16;
   6          
   7          sbit SCLK = P3^6;
   8          sbit RCLK = P3^5;
   9          sbit SER = P3^4;
  10          sbit LED = P0^7;
  11          u8 lednum;
  12          
  13          //when i=1, delay 10us
  14          void delay(u16 i){
  15   1          while(i--){
  16   2          }
  17   1      }
  18          
  19          void HC595SendByte(u8 dat){
  20   1          u8 i;
  21   1          SCLK = 1;
  22   1          RCLK = 1;
  23   1          for(i=0;i<8;i++){
  24   2              SER = dat >> 7;
  25   2              dat <<=1;
  26   2              SCLK = 0;
  27   2              _nop_();
  28   2              _nop_();
  29   2              SCLK = 1;
  30   2          }
  31   1          RCLK = 0;
  32   1          _nop_();
  33   1          _nop_();
  34   1          RCLK = 1;
  35   1      }
  36          
  37          void main(void){
  38   1          LED = 0;
  39   1          lednum = 0x01;
  40   1              while(1){
  41   2              HC595SendByte(lednum);
  42   2              lednum = _crol_(lednum,1);
  43   2              delay(50000);
  44   2              }
  45   1      }


MODULE INFORMATION:   STATIC OVERLAYABLE
   CODE SIZE        =     81    ----
   CONSTANT SIZE    =   ----    ----
   XDATA SIZE       =   ----    ----
   PDATA SIZE       =   ----    ----
   DATA SIZE        =      1    ----
   IDATA SIZE       =   ----    ----
   BIT SIZE         =   ----    ----
C51 COMPILER V9.57.0.0   MAIN                                                              10/06/2021 15:10:47 PAGE 2   

END OF MODULE INFORMATION.


C51 COMPILATION COMPLETE.  0 WARNING(S),  0 ERROR(S)
