C51 COMPILER V9.57.0.0   MAIN                                                              10/06/2021 15:00:52 PAGE 1   


C51 COMPILER V9.57.0.0, COMPILATION OF MODULE MAIN
OBJECT MODULE PLACED IN main.OBJ
COMPILER INVOKED BY: D:\Keil\C51\BIN\C51.EXE main.c BROWSE DEBUG OBJECTEXTEND

line level    source

   1          #include "reg51.h"
   2          #include "intrins.h"
   3          
   4          typedef unsigned char u8;
   5          typedef unsigned int u16;
   6          
   7          #define GPIO_DIG P0
   8          #define GPIO_KEY P1
   9          
  10          u8 keyvalue;
  11          
  12          sbit LSA = P2^2;
  13          sbit LSB = P2^3;
  14          sbit LSC = P2^4;
  15          
  16          u8 code smgduan[17]={0x3f,0x06,0x5b,0x4f,0x66,0x6d,0x7d,0x07,
  17                                                  0x7f,0x6f,0x77,0x7c,0x39,0x5e,0x79,0x71};
  18          
  19          //when i=1, delay 10us
  20          void delay(u16 i){
  21   1          while(i--){
  22   2          }
  23   1      }
  24          
  25          void keydown(void){
  26   1          u8 i;
  27   1          GPIO_KEY = 0x0f;
  28   1          if(GPIO_KEY != 0x0f){
  29   2              delay(1000);
  30   2              if(GPIO_KEY!=0x0f){
  31   3                  GPIO_KEY=0x0f;
  32   3                  switch(GPIO_KEY){
  33   4                      case 0x07:
  34   4                          keyvalue = 0;
  35   4                          break;
  36   4                      case 0x0b:
  37   4                          keyvalue = 1;
  38   4                          break;
  39   4                      case 0x0d:
  40   4                          keyvalue = 2;
  41   4                          break;
  42   4                      case 0x0e:
  43   4                          keyvalue = 3;
  44   4                          break;
  45   4                  }
  46   3                  GPIO_KEY = 0xf0;
  47   3                  switch(GPIO_KEY){
  48   4                      case 0x70:
  49   4                          keyvalue = keyvalue;
  50   4                          break;
  51   4                      case 0xb0:
  52   4                          keyvalue += 4;
  53   4                          break;
  54   4                      case 0xd0:
  55   4                          keyvalue += 8;
C51 COMPILER V9.57.0.0   MAIN                                                              10/06/2021 15:00:52 PAGE 2   

  56   4                          break;
  57   4                      case 0xe0:
  58   4                          keyvalue += 12;
  59   4                          break;      
  60   4                  }
  61   3              }
  62   2              while((i<50)&&(GPIO_KEY!=0xf0)){
  63   3                  delay(100);
  64   3                  i++;
  65   3              }
  66   2          }
  67   1      }
  68          
  69          void main(void){
  70   1              while(1){
  71   2              keydown();
  72   2              GPIO_DIG = smgduan[keyvalue];   
  73   2              }
  74   1      }


MODULE INFORMATION:   STATIC OVERLAYABLE
   CODE SIZE        =    146    ----
   CONSTANT SIZE    =     17    ----
   XDATA SIZE       =   ----    ----
   PDATA SIZE       =   ----    ----
   DATA SIZE        =      1       1
   IDATA SIZE       =   ----    ----
   BIT SIZE         =   ----    ----
END OF MODULE INFORMATION.


C51 COMPILATION COMPLETE.  0 WARNING(S),  0 ERROR(S)
