C51 COMPILER V9.57.0.0   MAIN                                                              10/19/2021 23:30:08 PAGE 1   


C51 COMPILER V9.57.0.0, COMPILATION OF MODULE MAIN
OBJECT MODULE PLACED IN main.OBJ
COMPILER INVOKED BY: D:\Keil\C51\BIN\C51.EXE main.c BROWSE DEBUG OBJECTEXTEND

line level    source

   1          #include "reg51.h"
   2          #include"start_set.h"
   3          #include"motor.h"
   4          #include"time.h"
   5          void main()
   6          {
   7   1      time_start();
   8   1      while(1)
   9   1              {
  10   2              if(left2==0&&left1==0&&right1==0&&right2==0)//?㊣DD
  11   2                      straight(count1,650,count2,650);
  12   2              else if(left2==0&&left1==1&&right1==0&&right2==0)//℅車D?℅a
  13   2                      straight(count1,1,count2,1000);
  14   2              else if(left2==0&&left1==0&&right1==1&&right2==0)//車辰D?℅a
  15   2                      straight(count1,1000,count2,1);
  16   2              else if(left2==1&&left1==1&&right1==0&&right2==0)//℅車∩車℅a
  17   2                      acute_left(count1,800,count2,800);
  18   2              else if(left2==0&&left1==0&&right1==1&&right2==1)//車辰∩車℅a
  19   2                      acute_right(count1,800,count2,800);
  20   2              else if(left2==1&&left1==0&&right1==0&&right2==0)//℅車?㊣℅a
  21   2                      {
  22   3                              acute_left(count1,1000,count2,1000);
  23   3                      }
  24   2              else if(left2==0&&left1==0&&right1==0&&right2==1)//車辰?㊣℅a
  25   2                      {
  26   3                              acute_right(count1,1000,count2,1000);
  27   3                      }
  28   2              }
  29   1      }
  30          
  31          
  32          


MODULE INFORMATION:   STATIC OVERLAYABLE
   CODE SIZE        =    488    ----
   CONSTANT SIZE    =   ----    ----
   XDATA SIZE       =   ----    ----
   PDATA SIZE       =   ----    ----
   DATA SIZE        =      4      24
   IDATA SIZE       =   ----    ----
   BIT SIZE         =   ----    ----
END OF MODULE INFORMATION.


C51 COMPILATION COMPLETE.  0 WARNING(S),  0 ERROR(S)
