C51 COMPILER V9.57.0.0   I2C                                                               10/06/2021 16:06:54 PAGE 1   


C51 COMPILER V9.57.0.0, COMPILATION OF MODULE I2C
OBJECT MODULE PLACED IN i2c.OBJ
COMPILER INVOKED BY: D:\Keil\C51\BIN\C51.EXE i2c.c BROWSE DEBUG OBJECTEXTEND

line level    source

   1          #include <i2c.h>
   2          
   3          void delay10us(void){
   4   1          unsigned char a,b; 
   5   1          for(b=1;b>0;b--){ 
   6   2              for(a=2;a>0;a--);    
   7   2          }
   8   1      }
   9          
  10          void I2cStart(void){
  11   1          SDA = 1;
  12   1          delay10us();
  13   1          SCL = 1;
  14   1          delay10us();
  15   1          SDA = 0;
  16   1          delay10us();
  17   1          SCL = 0;
  18   1          delay10us();    
  19   1      }
  20          
  21          void I2cStop(void){
  22   1          SDA = 0;
  23   1          delay10us();
  24   1          SCL = 1;
  25   1          delay10us();
  26   1          SDA = 1;
  27   1          delay10us();
  28   1      }
  29          
  30          u8 I2cSendByte(u8 dat){
  31   1          u8 i=0,j=0;
  32   1          for(i=0;i<8;i++){
  33   2              SDA = dat >> 7;
  34   2              dat = dat << 1;
  35   2              delay10us();
  36   2              SCL = 1;
  37   2              delay10us();
  38   2              SCL = 0;
  39   2              delay10us();
  40   2          }
  41   1          SDA = 1;
  42   1          delay10us();
  43   1          SCL = 1;
  44   1          while(SDA){
  45   2              j++;
  46   2              if(j>200){
  47   3                  SCL = 0;
  48   3                  delay10us();
  49   3                  return 0;
  50   3              }
  51   2          }
  52   1          SCL = 0;
  53   1          delay10us();
  54   1          return 1;    
  55   1      }
C51 COMPILER V9.57.0.0   I2C                                                               10/06/2021 16:06:54 PAGE 2   

  56          
  57          u8 I2cReadByte(void){
  58   1          u8 i=0,dat = 0;
  59   1          SDA = 1;
  60   1          delay10us();
  61   1          for(i=0;i<8;i++){
  62   2              SCL = 1;
  63   2              delay10us();
  64   2              dat <<= 1;
  65   2              dat |= SDA;
  66   2              delay10us();
  67   2              SCL = 0;
  68   2              delay10us();
  69   2          }
  70   1          return dat;
  71   1      }
  72          
  73          void At24c02Write(u8 addr,u8 dat){
  74   1          I2cStart();
  75   1          I2cSendByte(0xa0);
  76   1          I2cSendByte(addr);
  77   1          I2cSendByte(dat);
  78   1          I2cStop();    
  79   1      }
  80          
  81          u8 At24c02Read(u8 addr){
  82   1          u8 dat;
  83   1          I2cStart();
  84   1          I2cSendByte(0xa0);
  85   1          I2cSendByte(addr);
  86   1          I2cStart();
  87   1          I2cSendByte(0xa1);
  88   1          dat = I2cReadByte();
  89   1          I2cStop();
  90   1          return dat;
  91   1      }


MODULE INFORMATION:   STATIC OVERLAYABLE
   CODE SIZE        =    201    ----
   CONSTANT SIZE    =   ----    ----
   XDATA SIZE       =   ----    ----
   PDATA SIZE       =   ----    ----
   DATA SIZE        =   ----    ----
   IDATA SIZE       =   ----    ----
   BIT SIZE         =   ----    ----
END OF MODULE INFORMATION.


C51 COMPILATION COMPLETE.  0 WARNING(S),  0 ERROR(S)
