C51 COMPILER V9.57.0.0   MAIN                                                              10/06/2021 16:03:35 PAGE 1   


C51 COMPILER V9.57.0.0, COMPILATION OF MODULE MAIN
OBJECT MODULE PLACED IN main.OBJ
COMPILER INVOKED BY: D:\Keil\C51\BIN\C51.EXE main.c BROWSE DEBUG OBJECTEXTEND

line level    source

   1          #include "reg51.h"
   2          #include "i2c.h"
   3          
   4          sbit LSA = P2^2;
   5          sbit LSB = P2^3;
   6          sbit LSC = P2^4;
   7          sbit k1 = P3^1;
   8          sbit k2 = P3^0;
   9          sbit k3 = P3^2;
  10          sbit k4 = P3^3;
  11          
  12          u8 dat=0;
  13          u8 code smgduan[10]={0x3f,0x06,0x5b,0x4f,0x66,0x6d,0x7d,0x07,
  14                                                  0x7f,0x6f};
  15          u8 disp[4];
  16          
  17          //when i=1, delay 10us
  18          void delay(u16 i){
  19   1          while(i--){
  20   2          }
  21   1      }
  22          
  23          void Keypros(void){
  24   1          if(k1==0){
  25   2              delay(1000);
  26   2              if(k1==0){
  27   3                  At24c02Write(1,dat);    
  28   3              }
  29   2              while(!k1);
  30   2          }
  31   1          if(k2==0){
  32   2              delay(1000);
  33   2              if(k2==0){
  34   3                  dat = At24c02Read(1);    
  35   3              }
  36   2              while(!k2);
  37   2          }
  38   1          if(k3==0){
  39   2              delay(1000);
  40   2              if(k3==0){
  41   3                  dat++;
  42   3                  if(dat>255){
  43   4                      dat = 0;
  44   4                  }        
  45   3              }
  46   2              while(!k3);
  47   2          }
  48   1          if(k4==4){
  49   2              delay(1000);
  50   2              if(k4==0){
  51   3                  dat = 0;    
  52   3              }
  53   2              while(!k4);
  54   2          }
  55   1      }
C51 COMPILER V9.57.0.0   MAIN                                                              10/06/2021 16:03:35 PAGE 2   

  56          
  57          void Datpros(void){
  58   1          disp[0]=smgduan[dat/1000];
  59   1          disp[1]=smgduan[dat%1000/100];
  60   1          disp[2]=smgduan[dat%1000%100/10];
  61   1          disp[3]=smgduan[dat%1000%100%10];
  62   1      }
  63          
  64          void DigDisplay(void){
  65   1          u8 i;
  66   1          for(i = 0;i < 4;i++){
  67   2              switch(i){
  68   3                  case 0:
  69   3                      LSA = 1;
  70   3                      LSB = 1;
  71   3                      LSC = 0;
  72   3                      break;
  73   3                  case 1:
  74   3                      LSA = 0;
  75   3                      LSB = 1;
  76   3                      LSC = 0;
  77   3                      break;
  78   3                  case 2:
  79   3                      LSA = 1;
  80   3                      LSB = 0;
  81   3                      LSC = 0;
  82   3                      break;
  83   3                  case 3:
  84   3                      LSA = 0;
  85   3                      LSB = 0;
  86   3                      LSC = 0;
  87   3                      break;
  88   3              }
  89   2              P0 = disp[i];
  90   2              delay(100);
  91   2              P0 = 0x00;
  92   2          }
  93   1      }
  94          
  95          void main(void){
  96   1              while(1){
  97   2              Keypros();
  98   2              Datpros();
  99   2              DigDisplay();   
 100   2              }
 101   1      }


MODULE INFORMATION:   STATIC OVERLAYABLE
   CODE SIZE        =    297    ----
   CONSTANT SIZE    =     10    ----
   XDATA SIZE       =   ----    ----
   PDATA SIZE       =   ----    ----
   DATA SIZE        =      5    ----
   IDATA SIZE       =   ----    ----
   BIT SIZE         =   ----    ----
END OF MODULE INFORMATION.


C51 COMPILATION COMPLETE.  0 WARNING(S),  0 ERROR(S)
