C51 COMPILER V9.57.0.0   MAIN                                                              10/06/2021 14:53:41 PAGE 1   


C51 COMPILER V9.57.0.0, COMPILATION OF MODULE MAIN
OBJECT MODULE PLACED IN main.OBJ
COMPILER INVOKED BY: D:\Keil\C51\BIN\C51.EXE main.c BROWSE DEBUG OBJECTEXTEND

line level    source

   1          #include "reg51.h"
   2          #include "intrins.h"
   3          
   4          typedef unsigned char u8;
   5          typedef unsigned int u16;
   6          
   7          sbit LSA = P2^2;
   8          sbit LSB = P2^3;
   9          sbit LSC = P2^4;
  10          
  11          u8 code smgduan[17]={0x3f,0x06,0x5b,0x4f,0x66,0x6d,0x7d,0x07,
  12                                                  0x7f,0x6f,0x77,0x7c,0x39,0x5e,0x79,0x71};
  13          
  14          //when i=1, delay 10us
  15          void delay(u16 i){
  16   1          while(i--){
  17   2          }
  18   1      }
  19          
  20          void DigDisplay(void){
  21   1          u8 i;
  22   1          for(i = 0;i < 8;i++){
  23   2              switch(i){
  24   3                  case 0:
  25   3                      LSA = 1;
  26   3                      LSB = 1;
  27   3                      LSC = 1;
  28   3                      break;
  29   3                  case 1:
  30   3                      LSA = 0;
  31   3                      LSB = 1;
  32   3                      LSC = 1;
  33   3                      break;
  34   3                  case 2:
  35   3                      LSA = 1;
  36   3                      LSB = 0;
  37   3                      LSC = 1;
  38   3                      break;
  39   3                  case 3:
  40   3                      LSA = 0;
  41   3                      LSB = 0;
  42   3                      LSC = 1;
  43   3                      break;
  44   3                   case 4:
  45   3                      LSA = 1;
  46   3                      LSB = 1;
  47   3                      LSC = 0;
  48   3                      break;
  49   3                   case 5:
  50   3                      LSA = 0;
  51   3                      LSB = 1;
  52   3                      LSC = 0;
  53   3                      break;
  54   3                   case 6:
  55   3                      LSA = 1;
C51 COMPILER V9.57.0.0   MAIN                                                              10/06/2021 14:53:41 PAGE 2   

  56   3                      LSB = 0;
  57   3                      LSC = 0;
  58   3                      break;
  59   3                    case 7:
  60   3                      LSA = 0;
  61   3                      LSB = 0;
  62   3                      LSC = 0;
  63   3                      break;
  64   3              }
  65   2              P0 = smgduan[i];
  66   2              delay(100);
  67   2              P0 = 0x00;
  68   2          }
  69   1      }
  70          
  71          void main(void){
  72   1              while(1){
  73   2              DigDisplay();   
  74   2              }
  75   1      }


MODULE INFORMATION:   STATIC OVERLAYABLE
   CODE SIZE        =    125    ----
   CONSTANT SIZE    =     17    ----
   XDATA SIZE       =   ----    ----
   PDATA SIZE       =   ----    ----
   DATA SIZE        =   ----    ----
   IDATA SIZE       =   ----    ----
   BIT SIZE         =   ----    ----
END OF MODULE INFORMATION.


C51 COMPILATION COMPLETE.  0 WARNING(S),  0 ERROR(S)
