C51 COMPILER V9.57.0.0   MAIN                                                              10/04/2021 21:23:14 PAGE 1   


C51 COMPILER V9.57.0.0, COMPILATION OF MODULE MAIN
OBJECT MODULE PLACED IN main.OBJ
COMPILER INVOKED BY: D:\Keil\C51\BIN\C51.EXE main.c BROWSE DEBUG OBJECTEXTEND

line level    source

   1          #include "reg51.h"
   2          #include "intrins.h"
   3          
   4          typedef unsigned char u8;
   5          typedef unsigned int u16;
   6          
   7          #define led P2
   8          
   9          //when i=1, delay 10us
  10          void delay(u16 i){
  11   1          while(i--){
  12   2          }
  13   1      }
  14          
  15          void main(void){
  16   1          u8 i;
  17   1          led = ~0x01;
  18   1          delay(50000);
  19   1              while(1){
  20   2              for(i=0;i<7;i++){
  21   3                  led = _crol_(led,1);
  22   3                  delay(50000);
  23   3              }
  24   2              for(i=0;i<7;i++){
  25   3                  led = _cror_(led,1);
  26   3                  delay(50000);
  27   3              }               
  28   2              }
  29   1      }


MODULE INFORMATION:   STATIC OVERLAYABLE
   CODE SIZE        =     68    ----
   CONSTANT SIZE    =   ----    ----
   XDATA SIZE       =   ----    ----
   PDATA SIZE       =   ----    ----
   DATA SIZE        =   ----    ----
   IDATA SIZE       =   ----    ----
   BIT SIZE         =   ----    ----
END OF MODULE INFORMATION.


C51 COMPILATION COMPLETE.  0 WARNING(S),  0 ERROR(S)
