C51 COMPILER V9.57.0.0   MAIN                                                              10/04/2021 23:43:12 PAGE 1   


C51 COMPILER V9.57.0.0, COMPILATION OF MODULE MAIN
OBJECT MODULE PLACED IN main.OBJ
COMPILER INVOKED BY: D:\Keil\C51\BIN\C51.EXE main.c BROWSE DEBUG OBJECTEXTEND

line level    source

   1          #include "reg51.h"
   2          
   3          typedef unsigned char u8;
   4          typedef unsigned int u16;
   5          
   6          sbit k3 = P3^2;
   7          sbit led = P2^0;
   8          
   9          //when i=1, delay 10us
  10          void delay(u16 i){
  11   1          while(i--){
  12   2          }
  13   1      }
  14          
  15          void Timer0Init(void){
  16   1          TMOD |= 0x01;
  17   1          TH0 = 0xfc; //1 ms
  18   1          TL0 = 0x18;
  19   1          ET0 = 1;
  20   1          EA = 1;
  21   1          TR0 = 1;
  22   1      }
  23          
  24          void main(void){
  25   1          Timer0Init();
  26   1              while(1){
  27   2                      
  28   2              }
  29   1      }
  30          
  31          void Timer0(void) interrupt 1{
  32   1          static u16 i;
  33   1          TH0 = 0xfc;
  34   1          TL0 = 0x18;
  35   1          i++;
  36   1          if(i==1000){
  37   2              i = 0;
  38   2              led = ~led;
  39   2          }    
  40   1      }


MODULE INFORMATION:   STATIC OVERLAYABLE
   CODE SIZE        =     71    ----
   CONSTANT SIZE    =   ----    ----
   XDATA SIZE       =   ----    ----
   PDATA SIZE       =   ----    ----
   DATA SIZE        =      2    ----
   IDATA SIZE       =   ----    ----
   BIT SIZE         =   ----    ----
END OF MODULE INFORMATION.


C51 COMPILATION COMPLETE.  0 WARNING(S),  0 ERROR(S)
