C51 COMPILER V9.57.0.0   MAIN                                                              10/06/2021 15:15:13 PAGE 1   


C51 COMPILER V9.57.0.0, COMPILATION OF MODULE MAIN
OBJECT MODULE PLACED IN main.OBJ
COMPILER INVOKED BY: D:\Keil\C51\BIN\C51.EXE main.c BROWSE DEBUG OBJECTEXTEND

line level    source

   1          #include "reg51.h"
   2          #include "intrins.h"
   3          
   4          typedef unsigned char u8;
   5          typedef unsigned int u16;
   6          
   7          sbit SCLK = P3^6;
   8          sbit RCLK = P3^5;
   9          sbit SER = P3^4;
  10          sbit LED = P0^7;
  11          
  12          //when i=1, delay 10us
  13          void delay(u16 i){
  14   1          while(i--){
  15   2          }
  16   1      }
  17          
  18          void HC595SendByte(u8 dat1){
  19   1          u8 i;
  20   1          SCLK = 1;
  21   1          RCLK = 1;
  22   1          for(i=0;i<8;i++){
  23   2              SER = dat1 >> 7;
  24   2              dat1 <<=1;
  25   2              SCLK = 0;
  26   2              _nop_();
  27   2              _nop_();
  28   2              SCLK = 1;
  29   2          }
  30   1          
  31   1          RCLK = 0;
  32   1          _nop_();
  33   1          _nop_();
  34   1          RCLK = 1;
  35   1      }
  36          
  37          void main(void){
  38   1          LED = 0;
  39   1              while(1){
  40   2              HC595SendByte(0x01);
  41   2              }
  42   1      }


MODULE INFORMATION:   STATIC OVERLAYABLE
   CODE SIZE        =     58    ----
   CONSTANT SIZE    =   ----    ----
   XDATA SIZE       =   ----    ----
   PDATA SIZE       =   ----    ----
   DATA SIZE        =   ----    ----
   IDATA SIZE       =   ----    ----
   BIT SIZE         =   ----    ----
END OF MODULE INFORMATION.


C51 COMPILATION COMPLETE.  0 WARNING(S),  0 ERROR(S)
