C51 COMPILER V9.57.0.0   MAIN                                                              10/06/2021 16:55:16 PAGE 1   


C51 COMPILER V9.57.0.0, COMPILATION OF MODULE MAIN
OBJECT MODULE PLACED IN main.OBJ
COMPILER INVOKED BY: D:\Keil\C51\BIN\C51.EXE main.c BROWSE DEBUG OBJECTEXTEND

line level    source

   1          #include "reg51.h"
   2          
   3          typedef unsigned char u8;
   4          typedef unsigned int u16;
   5          
   6          sbit moto = P1^0;
   7          
   8          //when i=1, delay 10us
   9          void delay(u16 i){
  10   1          while(i--){
  11   2          }
  12   1      }
  13          
  14          void main(void){
  15   1          u8 i;
  16   1          moto = 0;
  17   1          for(i=0;i<100;i++){
  18   2              moto = 1;
  19   2              delay(5000);
  20   2          }
  21   1          moto = 0;
  22   1              while(1){
  23   2                      
  24   2              }
  25   1      }


MODULE INFORMATION:   STATIC OVERLAYABLE
   CODE SIZE        =     32    ----
   CONSTANT SIZE    =   ----    ----
   XDATA SIZE       =   ----    ----
   PDATA SIZE       =   ----    ----
   DATA SIZE        =   ----    ----
   IDATA SIZE       =   ----    ----
   BIT SIZE         =   ----    ----
END OF MODULE INFORMATION.


C51 COMPILATION COMPLETE.  0 WARNING(S),  0 ERROR(S)
