C51 COMPILER V9.57.0.0   MAIN                                                              10/06/2021 15:18:46 PAGE 1   


C51 COMPILER V9.57.0.0, COMPILATION OF MODULE MAIN
OBJECT MODULE PLACED IN main.OBJ
COMPILER INVOKED BY: D:\Keil\C51\BIN\C51.EXE main.c BROWSE DEBUG OBJECTEXTEND

line level    source

   1          #include "reg51.h"
   2          
   3          typedef unsigned char u8;
   4          typedef unsigned int u16;
   5          
   6          sbit k3 = P3^2;
   7          sbit led = P2^0;
   8          
   9          //when i=1, delay 10us
  10          void delay(u16 i){
  11   1          while(i--){
  12   2          }
  13   1      }
  14          
  15          void Int0Init(void){
  16   1          IT0 = 1;
  17   1          EX0 = 1;
  18   1          EA = 1;
  19   1      }
  20          
  21          void main(void){
  22   1          Int0Init();
  23   1              while(1){
  24   2                      
  25   2              }
  26   1      }
  27          
  28          void Int0(void) interrupt 0{
  29   1          delay(1000);
  30   1          if(k3 == 0){
  31   2              led = ~led;
  32   2          }
  33   1      }


MODULE INFORMATION:   STATIC OVERLAYABLE
   CODE SIZE        =     59    ----
   CONSTANT SIZE    =   ----    ----
   XDATA SIZE       =   ----    ----
   PDATA SIZE       =   ----    ----
   DATA SIZE        =   ----    ----
   IDATA SIZE       =   ----    ----
   BIT SIZE         =   ----    ----
END OF MODULE INFORMATION.


C51 COMPILATION COMPLETE.  0 WARNING(S),  0 ERROR(S)
