C51 COMPILER V9.57.0.0   MAIN                                                              10/06/2021 16:57:36 PAGE 1   


C51 COMPILER V9.57.0.0, COMPILATION OF MODULE MAIN
OBJECT MODULE PLACED IN main.OBJ
COMPILER INVOKED BY: D:\Keil\C51\BIN\C51.EXE main.c BROWSE DEBUG OBJECTEXTEND

line level    source

   1          #include "reg51.h"
   2          
   3          typedef unsigned char u8;
   4          typedef unsigned int u16;
   5          
   6          sbit LSA = P2^2;
   7          sbit LSB = P2^3;
   8          sbit LSC = P2^4;
   9          
  10          sbit IRIN = P3^2;
  11          
  12          u8 IrValue[6];
  13          u8 Time;
  14          
  15          u8 DisplayData[8];
  16          u8 code smgduan[17]={ 0x3f,0x06,0x5b,0x4f,0x66,0x6d,0x7d,0x07, 0x7f,0x6f,0x77,0x7c,0x39,0x5e,0x79,0x71,0X7
             -6};
  17          
  18          
  19          //when i=1, delay 10us
  20          void delay(u16 i){
  21   1          while(i--){
  22   2          }
  23   1      }
  24          
  25          void DigDisplay(void){
  26   1          u8 i;
  27   1          for(i=0;i<3;i++){
  28   2              switch(i){
  29   3                  case 0:
  30   3                      LSA = 1;LSB = 1;LSC = 1;break;
  31   3                  case 1:
  32   3                      LSA = 0;LSB = 1;LSC = 1;break;
  33   3                  case 2:
  34   3                      LSA = 1;LSB = 0;LSC = 1;break;
  35   3              }
  36   2              P0 = DisplayData[i];
  37   2              delay(100);
  38   2              P0 = 0x00;
  39   2          }
  40   1      }
  41          
  42          void IrInit(void){
  43   1          IT0 = 1;
  44   1          EX0 = 1;
  45   1          EA = 1;
  46   1          IRIN = 1;
  47   1      }
  48          
  49          void main(void){
  50   1          IrInit();
  51   1              while(1){
  52   2                  DisplayData[0] = smgduan[IrValue[2]/16];
  53   2              DisplayData[1] = smgduan[IrValue[2]%16];
  54   2              DisplayData[2] = smgduan[16];
C51 COMPILER V9.57.0.0   MAIN                                                              10/06/2021 16:57:36 PAGE 2   

  55   2              DigDisplay();   
  56   2              }
  57   1      }
  58          
  59          void ReadIr(void) interrupt 0{
  60   1          u8 j,k;
  61   1          u16 err;
  62   1          Time = 0;
  63   1          delay(700);
  64   1          if(IRIN == 0){
  65   2              err = 1000;
  66   2              while((IRIN==0)&&(err>0)){
  67   3                  delay(1);
  68   3                  err--;
  69   3              }
  70   2              if(IRIN == 1){
  71   3                  err = 500;
  72   3                  while((IRIN==1)&&(err>0)){
  73   4                      delay(1);
  74   4                      err--;
  75   4                  }
  76   3                  for(k=0;k<4;k++){
  77   4                      for(j=0;j<8;j++){
  78   5                          err = 60;
  79   5                          while((IRIN == 0)&&(err>0)){
  80   6                              delay(1);
  81   6                              err--;
  82   6                          }
  83   5                          err = 500;
  84   5                          while((IRIN==1)&&(err>0)){
  85   6                              delay(10);
  86   6                              Time++;
  87   6                              err--;
  88   6                              if(Time>30){
  89   7                                  return ;
  90   7                              }
  91   6                          }
  92   5                          IrValue[k]>>=1;
  93   5                          if(Time>=8){
  94   6                              IrValue[k] |= 0x80;
  95   6                          }
  96   5                          Time = 0;
  97   5                      }
  98   4                  }
  99   3              }
 100   2              if(IrValue[2]!=~IrValue[3]){
 101   3                  return ;
 102   3              }
 103   2          }
 104   1      }


MODULE INFORMATION:   STATIC OVERLAYABLE
   CODE SIZE        =    339    ----
   CONSTANT SIZE    =     17    ----
   XDATA SIZE       =   ----    ----
   PDATA SIZE       =   ----    ----
   DATA SIZE        =     15       1
   IDATA SIZE       =   ----    ----
   BIT SIZE         =   ----    ----
END OF MODULE INFORMATION.


C51 COMPILATION COMPLETE.  0 WARNING(S),  0 ERROR(S)
