C51 COMPILER V9.57.0.0   MAIN                                                              10/06/2021 16:46:42 PAGE 1   


C51 COMPILER V9.57.0.0, COMPILATION OF MODULE MAIN
OBJECT MODULE PLACED IN main.OBJ
COMPILER INVOKED BY: D:\Keil\C51\BIN\C51.EXE main.c BROWSE DEBUG OBJECTEXTEND

line level    source

   1          #include "reg51.h"
   2          
   3          typedef unsigned char u8;
   4          typedef unsigned int u16;
   5          
   6          sbit PWM = P2^1;
   7          bit DIR;
   8          
   9          u16 count,value,timer1;
  10          
  11          void Timer1Init(void){
  12   1          TMOD|=0x10;
  13   1      
  14   1          TH1 = 0xff;
  15   1          TF1 = 0xff; //1us
  16   1      
  17   1          ET1 = 1;
  18   1          EA = 1;
  19   1          TR1 = 1;
  20   1      }
  21          
  22          void main(void){
  23   1          Timer1Init();
  24   1              while(1){
  25   2                  if(count>100){
  26   3                  count = 0;
  27   3                  if(DIR==1){
  28   4                      value++;
  29   4                  }
  30   3                  if(DIR==0){
  31   4                      value--;
  32   4                  }
  33   3              }
  34   2              if(value == 1000){
  35   3                  DIR = 0;
  36   3              }       
  37   2              if(value==0){
  38   3                  DIR = 1;
  39   3              }
  40   2              if(timer1>1000){
  41   3                  timer1 = 0;
  42   3              }
  43   2              if(timer1<value){
  44   3                  PWM = 1;
  45   3              }
  46   2              else{
  47   3                  PWM = 0;
  48   3              }
  49   2              }
  50   1      }
  51          
  52          void Time1(void) interrupt 3{
  53   1          TH1 = 0xff;
  54   1          TL1 = 0xff;
  55   1          timer1++;
C51 COMPILER V9.57.0.0   MAIN                                                              10/06/2021 16:46:42 PAGE 2   

  56   1          count++;
  57   1      }


MODULE INFORMATION:   STATIC OVERLAYABLE
   CODE SIZE        =    138    ----
   CONSTANT SIZE    =   ----    ----
   XDATA SIZE       =   ----    ----
   PDATA SIZE       =   ----    ----
   DATA SIZE        =      6    ----
   IDATA SIZE       =   ----    ----
   BIT SIZE         =      1    ----
END OF MODULE INFORMATION.


C51 COMPILATION COMPLETE.  0 WARNING(S),  0 ERROR(S)
